<?xml version="1.0" encoding="utf-8"?>
<TestRun id="efe9b28f-7818-49c6-9674-4bd9e57be248" name="CRKRL-ATIFFMUH1$@CRKRL-ATIFFMUH1 2022-01-14 19:02:23" runUser="NT AUTHORITY\SYSTEM" xmlns="http://microsoft.com/schemas/VisualStudio/TeamTest/2010">
  <Times creation="2022-01-14T19:02:23.6821328+05:00" queuing="2022-01-14T19:02:23.6821328+05:00" start="2022-01-14T19:01:52.3027685+05:00" finish="2022-01-14T19:02:29.2927531+05:00" />
  <TestSettings name="default" id="ce42a82c-5086-4007-a88c-94367211264a">
    <Deployment runDeploymentRoot="CRKRL-ATIFFMUH1$_CRKRL-ATIFFMUH1_2022-01-14_19_02_23" />
  </TestSettings>
  <Results>
    <UnitTestResult executionId="ee413fa6-6f59-40c4-aa92-dc7070db51d6" testId="41598987-a7ab-474d-bd8a-d954cc1987c4" testName="TC010_SignIn (Data Row 0)" computerName="CRKRL-ATIFFMUH1" duration="00:00:05.4523714" startTime="2022-01-14T19:02:23.6575720+05:00" endTime="2022-01-14T19:02:29.1109762+05:00" testType="13cdc9d9-ddb5-4fa4-a97d-d965ccfc6d4b" outcome="Failed" testListId="8c84fa94-04c1-424b-9868-57a2d4851a1d" relativeResultsDirectory="ee413fa6-6f59-40c4-aa92-dc7070db51d6">
      <Output>
        <ErrorInfo>
          <Message>Test method AutomationDemo.PracticeAutomation.SignInSignUp.SignInSignUpPage.TC010_SignIn threw exception: &#xD;
OpenQA.Selenium.NoSuchElementException: no such element: Unable to locate element: {"method":"css selector","selector":"#email"}
  (Session info: chrome=97.0.4692.71)</Message>
          <StackTrace>    at OpenQA.Selenium.WebDriver.UnpackAndThrowOnError(Response errorResponse)&#xD;
   at OpenQA.Selenium.WebDriver.Execute(String driverCommandToExecute, Dictionary`2 parameters)&#xD;
   at OpenQA.Selenium.WebDriver.FindElement(String mechanism, String value)&#xD;
   at OpenQA.Selenium.By.&lt;.ctor&gt;b__11_0(ISearchContext context)&#xD;
   at OpenQA.Selenium.By.FindElement(ISearchContext context)&#xD;
   at OpenQA.Selenium.WebDriver.FindElement(By by)&#xD;
   at AutomationDemo.PracticeAutomation.SignInSignUp.SignInSignUpPage.SignIn(String email, String password) in D:\OneDrive - Constellation HomeBuilder Systems\Automation\AutomationDemo\PracticeAutomation\SignInSignUp\SignInSignUpPage.cs:line 66&#xD;
   at AutomationDemo.PracticeAutomation.SignInSignUp.SignInSignUpPage.TC010_SignIn() in D:\OneDrive - Constellation HomeBuilder Systems\Automation\AutomationDemo\PracticeAutomation\SignInSignUp\SignInSignUpPageTestCases.cs:line 71&#xD;
</StackTrace>
        </ErrorInfo>
      </Output>
    </UnitTestResult>
    <UnitTestResult executionId="13e18075-9a6a-43d6-983f-2820f1002d86" testId="9ac69cf7-10d7-457a-841e-d8df0265617f" testName="TC011_SignIn (Data Row 0)" computerName="CRKRL-ATIFFMUH1" duration="00:00:00.0058784" startTime="2022-01-14T19:02:29.1109762+05:00" endTime="2022-01-14T19:02:29.1205422+05:00" testType="13cdc9d9-ddb5-4fa4-a97d-d965ccfc6d4b" outcome="Failed" testListId="8c84fa94-04c1-424b-9868-57a2d4851a1d" relativeResultsDirectory="13e18075-9a6a-43d6-983f-2820f1002d86">
      <Output>
        <ErrorInfo>
          <Message>Test method AutomationDemo.PracticeAutomation.SignInSignUp.SignInSignUpPage.TC011_SignIn threw exception: &#xD;
OpenQA.Selenium.NoSuchElementException: no such element: Unable to locate element: {"method":"css selector","selector":".login"}
  (Session info: chrome=97.0.4692.71)</Message>
          <StackTrace>    at OpenQA.Selenium.WebDriver.UnpackAndThrowOnError(Response errorResponse)&#xD;
   at OpenQA.Selenium.WebDriver.Execute(String driverCommandToExecute, Dictionary`2 parameters)&#xD;
   at OpenQA.Selenium.WebDriver.FindElement(String mechanism, String value)&#xD;
   at OpenQA.Selenium.By.&lt;.ctor&gt;b__11_0(ISearchContext context)&#xD;
   at OpenQA.Selenium.By.FindElement(ISearchContext context)&#xD;
   at OpenQA.Selenium.WebDriver.FindElement(By by)&#xD;
   at AutomationDemo.PracticeAutomation.SignInSignUp.SignInSignUpPage.SignIn(String email, String password) in D:\OneDrive - Constellation HomeBuilder Systems\Automation\AutomationDemo\PracticeAutomation\SignInSignUp\SignInSignUpPage.cs:line 64&#xD;
   at AutomationDemo.PracticeAutomation.SignInSignUp.SignInSignUpPage.TC011_SignIn() in D:\OneDrive - Constellation HomeBuilder Systems\Automation\AutomationDemo\PracticeAutomation\SignInSignUp\SignInSignUpPageTestCases.cs:line 87&#xD;
</StackTrace>
        </ErrorInfo>
      </Output>
    </UnitTestResult>
    <UnitTestResult executionId="7274cc93-ab80-4885-b5a5-19d4f551990d" testId="3da14829-da8c-4310-8be1-fe416fdc06f5" testName="TC01_SignIn (Data Row 0)" computerName="CRKRL-ATIFFMUH1" duration="00:00:17.8573340" startTime="2022-01-14T19:01:53.4162389+05:00" endTime="2022-01-14T19:02:23.6349956+05:00" testType="13cdc9d9-ddb5-4fa4-a97d-d965ccfc6d4b" outcome="Failed" testListId="8c84fa94-04c1-424b-9868-57a2d4851a1d" relativeResultsDirectory="7274cc93-ab80-4885-b5a5-19d4f551990d">
      <Output>
        <ErrorInfo>
          <Message>Test method AutomationDemo.PracticeAutomation.SignInSignUp.SignInSignUpPage.TC01_SignIn threw exception: &#xD;
OpenQA.Selenium.NoSuchElementException: no such element: Unable to locate element: {"method":"css selector","selector":".info\-account"}
  (Session info: chrome=97.0.4692.71)</Message>
          <StackTrace>    at OpenQA.Selenium.WebDriver.UnpackAndThrowOnError(Response errorResponse)&#xD;
   at OpenQA.Selenium.WebDriver.Execute(String driverCommandToExecute, Dictionary`2 parameters)&#xD;
   at OpenQA.Selenium.WebDriver.FindElement(String mechanism, String value)&#xD;
   at OpenQA.Selenium.By.&lt;.ctor&gt;b__11_0(ISearchContext context)&#xD;
   at OpenQA.Selenium.By.FindElement(ISearchContext context)&#xD;
   at OpenQA.Selenium.WebDriver.FindElement(By by)&#xD;
   at AutomationDemo.PracticeAutomation.SignInSignUp.SignInSignUpPage.SignIn(String email, String password) in D:\OneDrive - Constellation HomeBuilder Systems\Automation\AutomationDemo\PracticeAutomation\SignInSignUp\SignInSignUpPage.cs:line 71&#xD;
   at AutomationDemo.PracticeAutomation.SignInSignUp.SignInSignUpPage.TC01_SignIn() in D:\OneDrive - Constellation HomeBuilder Systems\Automation\AutomationDemo\PracticeAutomation\SignInSignUp\SignInSignUpPageTestCases.cs:line 54&#xD;
</StackTrace>
        </ErrorInfo>
      </Output>
    </UnitTestResult>
  </Results>
  <TestDefinitions>
    <UnitTest name="TC011_SignIn (Data Row 0)" storage="d:\onedrive - constellation homebuilder systems\automation\automationdemo\bin\debug\automationdemo.dll" id="9ac69cf7-10d7-457a-841e-d8df0265617f">
      <TestCategory>
        <TestCategoryItem TestCategory="Positive" />
        <TestCategoryItem TestCategory="XML" />
        <TestCategoryItem TestCategory="SignInTwo" />
      </TestCategory>
      <Execution id="13e18075-9a6a-43d6-983f-2820f1002d86" />
      <TestMethod codeBase="D:\OneDrive - Constellation HomeBuilder Systems\Automation\AutomationDemo\bin\Debug\AutomationDemo.dll" adapterTypeName="executor://mstestadapter/v2" className="AutomationDemo.PracticeAutomation.SignInSignUp.SignInSignUpPage" name="TC011_SignIn" />
    </UnitTest>
    <UnitTest name="TC01_SignIn (Data Row 0)" storage="d:\onedrive - constellation homebuilder systems\automation\automationdemo\bin\debug\automationdemo.dll" id="3da14829-da8c-4310-8be1-fe416fdc06f5">
      <TestCategory>
        <TestCategoryItem TestCategory="Positive" />
        <TestCategoryItem TestCategory="SignIn" />
        <TestCategoryItem TestCategory="XML" />
      </TestCategory>
      <Execution id="7274cc93-ab80-4885-b5a5-19d4f551990d" />
      <TestMethod codeBase="D:\OneDrive - Constellation HomeBuilder Systems\Automation\AutomationDemo\bin\Debug\AutomationDemo.dll" adapterTypeName="executor://mstestadapter/v2" className="AutomationDemo.PracticeAutomation.SignInSignUp.SignInSignUpPage" name="TC01_SignIn" />
    </UnitTest>
    <UnitTest name="TC010_SignIn (Data Row 0)" storage="d:\onedrive - constellation homebuilder systems\automation\automationdemo\bin\debug\automationdemo.dll" id="41598987-a7ab-474d-bd8a-d954cc1987c4">
      <TestCategory>
        <TestCategoryItem TestCategory="Positive" />
        <TestCategoryItem TestCategory="SignIn" />
        <TestCategoryItem TestCategory="XML" />
      </TestCategory>
      <Execution id="ee413fa6-6f59-40c4-aa92-dc7070db51d6" />
      <TestMethod codeBase="D:\OneDrive - Constellation HomeBuilder Systems\Automation\AutomationDemo\bin\Debug\AutomationDemo.dll" adapterTypeName="executor://mstestadapter/v2" className="AutomationDemo.PracticeAutomation.SignInSignUp.SignInSignUpPage" name="TC010_SignIn" />
    </UnitTest>
  </TestDefinitions>
  <TestEntries>
    <TestEntry testId="41598987-a7ab-474d-bd8a-d954cc1987c4" executionId="ee413fa6-6f59-40c4-aa92-dc7070db51d6" testListId="8c84fa94-04c1-424b-9868-57a2d4851a1d" />
    <TestEntry testId="9ac69cf7-10d7-457a-841e-d8df0265617f" executionId="13e18075-9a6a-43d6-983f-2820f1002d86" testListId="8c84fa94-04c1-424b-9868-57a2d4851a1d" />
    <TestEntry testId="3da14829-da8c-4310-8be1-fe416fdc06f5" executionId="7274cc93-ab80-4885-b5a5-19d4f551990d" testListId="8c84fa94-04c1-424b-9868-57a2d4851a1d" />
  </TestEntries>
  <TestLists>
    <TestList name="Results Not in a List" id="8c84fa94-04c1-424b-9868-57a2d4851a1d" />
    <TestList name="All Loaded Results" id="19431567-8539-422a-85d7-44ee4e166bda" />
  </TestLists>
  <ResultSummary outcome="Failed">
    <Counters total="3" executed="3" passed="0" failed="3" error="0" timeout="0" aborted="0" inconclusive="0" passedButRunAborted="0" notRunnable="0" notExecuted="0" disconnected="0" warning="0" completed="0" inProgress="0" pending="0" />
  </ResultSummary>
</TestRun>